<?xml version="1.0" encoding="UTF-8"?>
<coverage generated="1757637435897" clover="3.2.0">
  <project timestamp="1757637435897" name="All files">
    <metrics statements="8" coveredstatements="6" conditionals="4" coveredconditionals="3" methods="3" coveredmethods="2" elements="15" coveredelements="11" complexity="0" loc="8" ncloc="8" packages="1" files="1" classes="1"/>
    <file name="Conta.ts" path="C:\Users\mathe\Documents\ADS\POO\src\Conta.ts">
      <metrics statements="8" coveredstatements="6" conditionals="4" coveredconditionals="3" methods="3" coveredmethods="2"/>
      <line num="1" count="1" type="stmt"/>
      <line num="3" count="1" type="cond" truecount="1" falsecount="1"/>
      <line num="4" count="1" type="stmt"/>
      <line num="6" count="0" type="stmt"/>
      <line num="8" count="3" type="stmt"/>
      <line num="11" count="2" type="cond" truecount="2" falsecount="0"/>
      <line num="12" count="1" type="stmt"/>
      <line num="17" count="0" type="stmt"/>
    </file>
  </project>
</coverage>
